<?xml version="1.0" encoding="UTF-8"?>
<!-- Generated by org.testng.reporters.JUnitReportReporter -->
<testsuite hostname="MacBook-Pro-Olga.local" failures="0" tests="1" name="ru.beru.LogInTest" time="27.272" errors="0" timestamp="17 мая 2019 09:15:27 GMT" skipped="0">
  <testcase classname="ru.beru.LogInTest" name="firstTest" time="27.272"/>
</testsuite> <!-- ru.beru.LogInTest -->
