<?xml version="1.0" encoding="UTF-8"?>
<!-- Generated by org.testng.reporters.JUnitReportReporter -->
<testsuite hostname="MacBook-Pro-Olga.local" failures="0" tests="4" name="ru.beru.ChangeCityTest" time="95.544" errors="0" timestamp="15 мая 2019 18:50:49 GMT" skipped="0">
  <testcase classname="ru.beru.ChangeCityTest" name="changeCity" time="23.010"/>
  <testcase classname="ru.beru.ChangeCityTest" name="changeCity" time="24.339"/>
  <testcase classname="ru.beru.ChangeCityTest" name="changeCity" time="22.264"/>
  <testcase classname="ru.beru.ChangeCityTest" name="changeCity" time="25.931"/>
</testsuite> <!-- ru.beru.ChangeCityTest -->
