<?xml version="1.0" encoding="UTF-8"?>
<!-- Generated by org.testng.reporters.JUnitReportReporter -->
<testsuite hostname="MacBook-Pro-Olga.local" failures="0" tests="1" name="ru.beru.LogInTest" time="20.360" errors="0" timestamp="15 мая 2019 18:50:49 GMT" skipped="0">
  <testcase classname="ru.beru.LogInTest" name="firstTest" time="20.360"/>
</testsuite> <!-- ru.beru.LogInTest -->
