<?xml version="1.0" encoding="UTF-8"?>
<!-- Generated by org.testng.reporters.JUnitReportReporter -->
<testsuite hostname="MacBook-Pro-Olga.local" failures="0" tests="1" name="ru.beru.ChangeCityTest" time="21.874" errors="0" timestamp="16 мая 2019 06:22:17 GMT" skipped="0">
  <testcase classname="ru.beru.ChangeCityTest" name="changeCity" time="21.874"/>
</testsuite> <!-- ru.beru.ChangeCityTest -->
