<?xml version="1.0" encoding="UTF-8"?>
<!-- Generated by org.testng.reporters.JUnitReportReporter -->
<testsuite hostname="MacBook-Pro-Olga.local" failures="0" tests="1" name="ru.beru.BuyToothbrushTest" time="23.829" errors="0" timestamp="15 мая 2019 18:50:49 GMT" skipped="0">
  <testcase classname="ru.beru.BuyToothbrushTest" name="searchInCart" time="23.829"/>
</testsuite> <!-- ru.beru.BuyToothbrushTest -->
