<?xml version="1.0" encoding="UTF-8"?>
<!-- Generated by org.testng.reporters.JUnitReportReporter -->
<testsuite hostname="MacBook-Pro-Olga.local" failures="0" tests="1" name="ru.beru.ThirdTest" time="19.530" errors="0" timestamp="15 мая 2019 17:33:25 GMT" skipped="0">
  <testcase classname="ru.beru.ThirdTest" name="searchInCart" time="19.530"/>
</testsuite> <!-- ru.beru.ThirdTest -->
