<?xml version="1.0" encoding="UTF-8"?>
<!-- Generated by org.testng.reporters.JUnitReportReporter -->
<testsuite hostname="MacBook-Pro-Olga.local" failures="0" tests="4" name="ru.beru.ChangeCityTest" time="177.492" errors="0" timestamp="16 мая 2019 15:13:49 GMT" skipped="0">
  <testcase classname="ru.beru.ChangeCityTest" name="changeCity" time="50.050"/>
  <testcase classname="ru.beru.ChangeCityTest" name="changeCity" time="50.609"/>
  <testcase classname="ru.beru.ChangeCityTest" name="changeCity" time="37.803"/>
  <testcase classname="ru.beru.ChangeCityTest" name="changeCity" time="39.030"/>
</testsuite> <!-- ru.beru.ChangeCityTest -->
