<?xml version="1.0" encoding="UTF-8"?>
<!-- Generated by org.testng.reporters.JUnitReportReporter -->
<testsuite hostname="MacBook-Pro-Olga.local" failures="0" tests="4" name="ru.beru.SecondTest" time="87.699" errors="0" timestamp="15 мая 2019 17:33:25 GMT" skipped="0">
  <testcase classname="ru.beru.SecondTest" name="changeCity" time="25.000"/>
  <testcase classname="ru.beru.SecondTest" name="changeCity" time="20.575"/>
  <testcase classname="ru.beru.SecondTest" name="changeCity" time="20.484"/>
  <testcase classname="ru.beru.SecondTest" name="changeCity" time="21.640"/>
</testsuite> <!-- ru.beru.SecondTest -->
